<?xml version="1.0" encoding="UTF-8"?>
<!-- Generated by org.testng.reporters.JUnitReportReporter -->
<testsuite hostname="DESKTOP-BPMLV0Q" failures="0" tests="4" name="utility.autotest" time="53.350" errors="0" timestamp="2020-06-01T11:24:24 IST" skipped="0">
  <testcase classname="utility.autotest" name="signin" time="14.499"/>
  <system-out/>
  <testcase classname="utility.autotest" name="searchItem" time="10.820"/>
  <system-out/>
  <testcase classname="utility.autotest" name="addToCart" time="23.888"/>
  <system-out/>
  <testcase classname="utility.autotest" name="logout" time="4.143"/>
  <system-out/>
</testsuite> <!-- utility.autotest -->
